2024-11-23 20:34:01,258 - app - ERROR - Traceback (most recent call last):
  File "/Users/patiforost/CascadeProjects/football-finder/backend/venv/lib/python3.13/site-packages/sqlalchemy/engine/base.py", line 1967, in _exec_single_context
    self.dialect.do_execute(
    ~~~~~~~~~~~~~~~~~~~~~~~^
        cursor, str_statement, effective_parameters, context
        ^^^^^^^^^^^^^^^^^^^^^^^^^^^^^^^^^^^^^^^^^^^^^^^^^^^^
    )
    ^
  File "/Users/patiforost/CascadeProjects/football-finder/backend/venv/lib/python3.13/site-packages/sqlalchemy/engine/default.py", line 941, in do_execute
    cursor.execute(statement, parameters)
    ~~~~~~~~~~~~~~^^^^^^^^^^^^^^^^^^^^^^^
psycopg2.errors.DependentObjectsStillExist: cannot drop table "user" because other objects depend on it
DETAIL:  constraint game_creator_id_fkey on table game depends on table "user"
HINT:  Use DROP ... CASCADE to drop the dependent objects too.


The above exception was the direct cause of the following exception:

Traceback (most recent call last):
  File "/Users/patiforost/CascadeProjects/football-finder/backend/app.py", line 194, in <module>
    db.drop_all()
    ~~~~~~~~~~~^^
  File "/Users/patiforost/CascadeProjects/football-finder/backend/venv/lib/python3.13/site-packages/flask_sqlalchemy/extension.py", line 917, in drop_all
    self._call_for_binds(bind_key, "drop_all")
    ~~~~~~~~~~~~~~~~~~~~^^^^^^^^^^^^^^^^^^^^^^
  File "/Users/patiforost/CascadeProjects/football-finder/backend/venv/lib/python3.13/site-packages/flask_sqlalchemy/extension.py", line 881, in _call_for_binds
    getattr(metadata, op_name)(bind=engine)
    ~~~~~~~~~~~~~~~~~~~~~~~~~~^^^^^^^^^^^^^
  File "/Users/patiforost/CascadeProjects/football-finder/backend/venv/lib/python3.13/site-packages/sqlalchemy/sql/schema.py", line 5896, in drop_all
    bind._run_ddl_visitor(
    ~~~~~~~~~~~~~~~~~~~~~^
        ddl.SchemaDropper, self, checkfirst=checkfirst, tables=tables
        ^^^^^^^^^^^^^^^^^^^^^^^^^^^^^^^^^^^^^^^^^^^^^^^^^^^^^^^^^^^^^
    )
    ^
  File "/Users/patiforost/CascadeProjects/football-finder/backend/venv/lib/python3.13/site-packages/sqlalchemy/engine/base.py", line 3253, in _run_ddl_visitor
    conn._run_ddl_visitor(visitorcallable, element, **kwargs)
    ~~~~~~~~~~~~~~~~~~~~~^^^^^^^^^^^^^^^^^^^^^^^^^^^^^^^^^^^^
  File "/Users/patiforost/CascadeProjects/football-finder/backend/venv/lib/python3.13/site-packages/sqlalchemy/engine/base.py", line 2459, in _run_ddl_visitor
    visitorcallable(self.dialect, self, **kwargs).traverse_single(element)
    ~~~~~~~~~~~~~~~~~~~~~~~~~~~~~~~~~~~~~~~~~~~~~~~~~~~~~~~~~~~~~^^^^^^^^^
  File "/Users/patiforost/CascadeProjects/football-finder/backend/venv/lib/python3.13/site-packages/sqlalchemy/sql/visitors.py", line 664, in traverse_single
    return meth(obj, **kw)
  File "/Users/patiforost/CascadeProjects/football-finder/backend/venv/lib/python3.13/site-packages/sqlalchemy/sql/ddl.py", line 1076, in visit_metadata
    self.traverse_single(
    ~~~~~~~~~~~~~~~~~~~~^
        table,
        ^^^^^^
    ...<2 lines>...
        _ignore_sequences=seq_coll,
        ^^^^^^^^^^^^^^^^^^^^^^^^^^^
    )
    ^
  File "/Users/patiforost/CascadeProjects/football-finder/backend/venv/lib/python3.13/site-packages/sqlalchemy/sql/visitors.py", line 664, in traverse_single
    return meth(obj, **kw)
  File "/Users/patiforost/CascadeProjects/football-finder/backend/venv/lib/python3.13/site-packages/sqlalchemy/sql/ddl.py", line 1143, in visit_table
    DropTable(table)._invoke_with(self.connection)
    ~~~~~~~~~~~~~~~~~~~~~~~~~~~~~^^^^^^^^^^^^^^^^^
  File "/Users/patiforost/CascadeProjects/football-finder/backend/venv/lib/python3.13/site-packages/sqlalchemy/sql/ddl.py", line 314, in _invoke_with
    return bind.execute(self)
           ~~~~~~~~~~~~^^^^^^
  File "/Users/patiforost/CascadeProjects/football-finder/backend/venv/lib/python3.13/site-packages/sqlalchemy/engine/base.py", line 1418, in execute
    return meth(
        self,
        distilled_parameters,
        execution_options or NO_OPTIONS,
    )
  File "/Users/patiforost/CascadeProjects/football-finder/backend/venv/lib/python3.13/site-packages/sqlalchemy/sql/ddl.py", line 180, in _execute_on_connection
    return connection._execute_ddl(
           ~~~~~~~~~~~~~~~~~~~~~~~^
        self, distilled_params, execution_options
        ^^^^^^^^^^^^^^^^^^^^^^^^^^^^^^^^^^^^^^^^^
    )
    ^
  File "/Users/patiforost/CascadeProjects/football-finder/backend/venv/lib/python3.13/site-packages/sqlalchemy/engine/base.py", line 1529, in _execute_ddl
    ret = self._execute_context(
        dialect,
    ...<4 lines>...
        compiled,
    )
  File "/Users/patiforost/CascadeProjects/football-finder/backend/venv/lib/python3.13/site-packages/sqlalchemy/engine/base.py", line 1846, in _execute_context
    return self._exec_single_context(
           ~~~~~~~~~~~~~~~~~~~~~~~~~^
        dialect, context, statement, parameters
        ^^^^^^^^^^^^^^^^^^^^^^^^^^^^^^^^^^^^^^^
    )
    ^
  File "/Users/patiforost/CascadeProjects/football-finder/backend/venv/lib/python3.13/site-packages/sqlalchemy/engine/base.py", line 1986, in _exec_single_context
    self._handle_dbapi_exception(
    ~~~~~~~~~~~~~~~~~~~~~~~~~~~~^
        e, str_statement, effective_parameters, cursor, context
        ^^^^^^^^^^^^^^^^^^^^^^^^^^^^^^^^^^^^^^^^^^^^^^^^^^^^^^^
    )
    ^
  File "/Users/patiforost/CascadeProjects/football-finder/backend/venv/lib/python3.13/site-packages/sqlalchemy/engine/base.py", line 2355, in _handle_dbapi_exception
    raise sqlalchemy_exception.with_traceback(exc_info[2]) from e
  File "/Users/patiforost/CascadeProjects/football-finder/backend/venv/lib/python3.13/site-packages/sqlalchemy/engine/base.py", line 1967, in _exec_single_context
    self.dialect.do_execute(
    ~~~~~~~~~~~~~~~~~~~~~~~^
        cursor, str_statement, effective_parameters, context
        ^^^^^^^^^^^^^^^^^^^^^^^^^^^^^^^^^^^^^^^^^^^^^^^^^^^^
    )
    ^
  File "/Users/patiforost/CascadeProjects/football-finder/backend/venv/lib/python3.13/site-packages/sqlalchemy/engine/default.py", line 941, in do_execute
    cursor.execute(statement, parameters)
    ~~~~~~~~~~~~~~^^^^^^^^^^^^^^^^^^^^^^^
sqlalchemy.exc.InternalError: (psycopg2.errors.DependentObjectsStillExist) cannot drop table "user" because other objects depend on it
DETAIL:  constraint game_creator_id_fkey on table game depends on table "user"
HINT:  Use DROP ... CASCADE to drop the dependent objects too.

[SQL: 
DROP TABLE "user"]
(Background on this error at: https://sqlalche.me/e/20/2j85)

2024-11-23 22:01:04,759 - app - INFO - Dropping all tables...
2024-11-23 22:01:04,862 - app - INFO - Creating all tables...
2024-11-23 22:01:04,881 - app - INFO - Database tables created successfully!
2024-11-23 22:01:05,142 - app - INFO - Dropping all tables...
2024-11-23 22:01:05,163 - app - INFO - Creating all tables...
2024-11-23 22:01:05,175 - app - INFO - Database tables created successfully!
2024-11-23 22:12:18,554 - app - INFO - Registration attempt received
2024-11-23 22:12:18,557 - app - DEBUG - Registration data received: {'email': 'fredericvc@gmail.com', 'password': 'ehX3DTbBAQaJ4b7', 'name': 'Frederic'}
2024-11-23 22:12:18,696 - app - ERROR - Token generation error: module 'jwt' has no attribute 'encode'
2024-11-23 22:12:18,696 - app - ERROR - Failed to generate token for new user
2024-11-23 22:12:29,753 - app - INFO - Registration attempt received
2024-11-23 22:12:29,754 - app - DEBUG - Registration data received: {'email': 'fredericvc@gmail.com', 'password': 'ehX3DTbBAQaJ4b7', 'name': 'Frederic'}
2024-11-23 22:12:29,763 - app - WARNING - Registration attempted with existing email: fredericvc@gmail.com
2024-11-23 22:13:01,351 - app - INFO - Login attempt received
2024-11-23 22:13:01,351 - app - DEBUG - Login data received: {'email': 'fredericvc@gmail.com', 'password': 'ehX3DTbBAQaJ4b7'}
2024-11-23 22:13:01,455 - app - ERROR - Token generation error: module 'jwt' has no attribute 'encode'
2024-11-23 22:13:01,456 - app - ERROR - Failed to generate token for login
2024-11-23 22:13:56,566 - app - INFO - Creating tables if they don't exist...
2024-11-23 22:13:56,707 - app - INFO - Database tables ready!
2024-11-23 22:16:25,930 - app - INFO - Creating tables if they don't exist...
2024-11-23 22:16:26,004 - app - INFO - Database tables ready!
2024-11-23 22:16:26,387 - app - INFO - Creating tables if they don't exist...
2024-11-23 22:16:26,419 - app - INFO - Database tables ready!
2024-11-23 22:17:05,701 - app - INFO - Login attempt received
2024-11-23 22:17:05,702 - app - DEBUG - Login data received: {'email': 'fredericvc@gmail.com', 'password': 'ehX3DTbBAQaJ4b7'}
2024-11-23 22:17:05,799 - app - INFO - User logged in successfully: fredericvc@gmail.com
2024-11-23 22:19:27,406 - app - INFO - Get current user request received
2024-11-23 22:21:31,975 - app - INFO - Get current user request received
2024-11-23 22:22:05,987 - app - INFO - Login attempt received
2024-11-23 22:22:05,987 - app - DEBUG - Login data received: {'email': 'fredericvc@gmail.com', 'password': 'ehX3DTbBAQaJ4b7'}
2024-11-23 22:22:06,100 - app - INFO - User logged in successfully: fredericvc@gmail.com
2024-11-23 22:22:43,666 - app - INFO - Login attempt received
2024-11-23 22:22:43,667 - app - DEBUG - Login data received: {'email': 'fredericvc@gmail.com', 'password': 'ehX3DTbBAQaJ4b7'}
2024-11-23 22:22:43,768 - app - INFO - User logged in successfully: fredericvc@gmail.com
2024-11-23 22:23:40,979 - app - INFO - Login attempt received
2024-11-23 22:23:40,981 - app - DEBUG - Login data received: {'email': 'fredericvc@gmail.com', 'password': 'ehX3DTbBAQaJ4b7'}
2024-11-23 22:23:41,088 - app - INFO - User logged in successfully: fredericvc@gmail.com
